Not enough permission to place log file at /var/log/archinstall/install.log, creating it in /home/jj/dotfiles/install.log instead
Hardware model detected: ASUS System Product Name; UEFI mode: True
Processor model detected: AMD Ryzen 9 5950X 16-Core Processor
Memory statistics: 127185720 available out of 131810020 total installed
Could not detect virtual system: ['/usr/bin/systemd-detect-virt'] exited with abnormal exit code [1]: none

System is not running in a VM: ['/usr/bin/systemd-detect-virt'] exited with abnormal exit code [1]: none

Virtualization detected: None; is VM: False
Graphics devices detected: dict_keys(['Advanced Micro Devices, Inc. [AMD/ATI] Navi 10 [Radeon RX 5600 OEM/5600 XT / 5700/5700 XT] (rev c1)'])
Disk states before installing: [
    {
        "children": [
            {
                "children": [],
                "fsavail": null,
                "fsroots": [],
                "fstype": "vfat",
                "fsuse_percentage": null,
                "fsver": "FAT32",
                "log_sec": 512,
                "mountpoint": null,
                "mountpoints": [],
                "name": "sda1",
                "partn": 1,
                "parttype": "c12a7328-f81f-11d2-ba4b-00a0c93ec93b",
                "partuuid": "cc2589b1-e152-4f46-8407-7253ffc3868c",
                "path": "/dev/sda1",
                "pkname": "sda",
                "pttype": "gpt",
                "ptuuid": "858cf033-4aec-4bae-9739-aef10a550eef",
                "rota": true,
                "size": "1024 MiB",
                "tran": null,
                "type": "part",
                "uuid": "5EE2-9E26"
            },
            {
                "children": [
                    {
                        "children": [],
                        "fsavail": null,
                        "fsroots": [],
                        "fstype": "ext4",
                        "fsuse_percentage": null,
                        "fsver": "1.0",
                        "log_sec": 512,
                        "mountpoint": null,
                        "mountpoints": [],
                        "name": "root",
                        "partn": null,
                        "parttype": null,
                        "partuuid": null,
                        "path": "/dev/mapper/root",
                        "pkname": "sda2",
                        "pttype": null,
                        "ptuuid": null,
                        "rota": true,
                        "size": "116270 MiB",
                        "tran": null,
                        "type": "crypt",
                        "uuid": "0d32ab4e-8096-4e0c-ac6c-34a1bca5e22f"
                    }
                ],
                "fsavail": null,
                "fsroots": [],
                "fstype": "crypto_LUKS",
                "fsuse_percentage": null,
                "fsver": "2",
                "log_sec": 512,
                "mountpoint": null,
                "mountpoints": [],
                "name": "sda2",
                "partn": 2,
                "parttype": "4f68bce3-e8cd-4db1-96e7-fbcaf984b709",
                "partuuid": "d403d1a8-1047-4c83-b500-c0d5c0ce5484",
                "path": "/dev/sda2",
                "pkname": "sda",
                "pttype": "gpt",
                "ptuuid": "858cf033-4aec-4bae-9739-aef10a550eef",
                "rota": true,
                "size": "116286 MiB",
                "tran": null,
                "type": "part",
                "uuid": "1bd55588-98cc-4551-adf4-c70372ff0af6"
            }
        ],
        "fsavail": null,
        "fsroots": [],
        "fstype": null,
        "fsuse_percentage": null,
        "fsver": null,
        "log_sec": 512,
        "mountpoint": null,
        "mountpoints": [],
        "name": "sda",
        "partn": null,
        "parttype": null,
        "partuuid": null,
        "path": "/dev/sda",
        "pkname": null,
        "pttype": "gpt",
        "ptuuid": "858cf033-4aec-4bae-9739-aef10a550eef",
        "rota": true,
        "size": "117312 MiB",
        "tran": "usb",
        "type": "disk",
        "uuid": null
    },
    {
        "children": [],
        "fsavail": null,
        "fsroots": [],
        "fstype": null,
        "fsuse_percentage": null,
        "fsver": null,
        "log_sec": 4096,
        "mountpoint": "[SWAP]",
        "mountpoints": [
            "[SWAP]"
        ],
        "name": "zram0",
        "partn": null,
        "parttype": null,
        "partuuid": null,
        "path": "/dev/zram0",
        "pkname": null,
        "pttype": null,
        "ptuuid": null,
        "rota": false,
        "size": "4096 MiB",
        "tran": null,
        "type": "disk",
        "uuid": null
    },
    {
        "children": [
            {
                "children": [],
                "fsavail": 370348032,
                "fsroots": [
                    "."
                ],
                "fstype": "vfat",
                "fsuse_percentage": "31%",
                "fsver": "FAT32",
                "log_sec": 512,
                "mountpoint": "/boot",
                "mountpoints": [
                    "/boot"
                ],
                "name": "nvme0n1p1",
                "partn": 1,
                "parttype": "c12a7328-f81f-11d2-ba4b-00a0c93ec93b",
                "partuuid": "b1d8c1f0-4751-4517-824b-cbe4f5194b29",
                "path": "/dev/nvme0n1p1",
                "pkname": "nvme0n1",
                "pttype": "gpt",
                "ptuuid": "37c15367-1c04-4cc4-9bb8-493bc8bdba76",
                "rota": false,
                "size": "512 MiB",
                "tran": "nvme",
                "type": "part",
                "uuid": "30DB-7628"
            },
            {
                "children": [],
                "fsavail": 1311746584576,
                "fsroots": [
                    "."
                ],
                "fstype": "ext4",
                "fsuse_percentage": "28%",
                "fsver": "1.0",
                "log_sec": 512,
                "mountpoint": "/",
                "mountpoints": [
                    "/"
                ],
                "name": "nvme0n1p2",
                "partn": 2,
                "parttype": "0fc63daf-8483-4772-8e79-3d69d8477de4",
                "partuuid": "bb37c3e2-9be0-456a-92b1-d8475444459a",
                "path": "/dev/nvme0n1p2",
                "pkname": "nvme0n1",
                "pttype": "gpt",
                "ptuuid": "37c15367-1c04-4cc4-9bb8-493bc8bdba76",
                "rota": false,
                "size": "1907216 MiB",
                "tran": "nvme",
                "type": "part",
                "uuid": "0f7d4268-fbf9-412c-a0bb-cfc4e27223bd"
            }
        ],
        "fsavail": null,
        "fsroots": [],
        "fstype": null,
        "fsuse_percentage": null,
        "fsver": null,
        "log_sec": 512,
        "mountpoint": null,
        "mountpoints": [],
        "name": "nvme0n1",
        "partn": null,
        "parttype": null,
        "partuuid": null,
        "path": "/dev/nvme0n1",
        "pkname": null,
        "pttype": "gpt",
        "ptuuid": "37c15367-1c04-4cc4-9bb8-493bc8bdba76",
        "rota": false,
        "size": "1907729 MiB",
        "tran": "nvme",
        "type": "disk",
        "uuid": null
    }
]
